<?xml version="1.0" encoding="UTF-8"?>
<testsuite name="org.ttarena.v0.Ttarenav0ApplicationTests" tests="1" skipped="0" failures="0" errors="0" timestamp="2025-02-25T21:04:28" hostname="K1-LT" time="0.509">
  <properties/>
  <testcase name="contextLoads()" classname="org.ttarena.v0.Ttarenav0ApplicationTests" time="0.509"/>
  <system-out><![CDATA[22:04:25.934 [Test worker] INFO org.springframework.test.context.support.AnnotationConfigContextLoaderUtils -- Could not detect default configuration classes for test class [org.ttarena.v0.Ttarenav0ApplicationTests]: Ttarenav0ApplicationTests does not declare any static, non-private, non-final, nested classes annotated with @Configuration.
22:04:26.041 [Test worker] INFO org.springframework.boot.test.context.SpringBootTestContextBootstrapper -- Found @SpringBootConfiguration org.ttarena.v0.Ttarenav0Application for test class org.ttarena.v0.Ttarenav0ApplicationTests

  .   ____          _            __ _ _
 /\\ / ___'_ __ _ _(_)_ __  __ _ \ \ \ \
( ( )\___ | '_ | '_| | '_ \/ _` | \ \ \ \
 \\/  ___)| |_)| | | | | || (_| |  ) ) ) )
  '  |____| .__|_| |_|_| |_\__, | / / / /
 =========|_|==============|___/=/_/_/_/

 :: Spring Boot ::                (v3.4.3)

2025-02-25T22:04:26.406+01:00  INFO 15532 --- [ttarenav0] [    Test worker] o.ttarena.v0.Ttarenav0ApplicationTests   : Starting Ttarenav0ApplicationTests using Java 23.0.2 with PID 15532 (started by r610c in C:\Users\r610c\IdeaProjects\TTArena_v0\v0\v0)
2025-02-25T22:04:26.407+01:00  INFO 15532 --- [ttarenav0] [    Test worker] o.ttarena.v0.Ttarenav0ApplicationTests   : No active profile set, falling back to 1 default profile: "default"
2025-02-25T22:04:26.968+01:00  INFO 15532 --- [ttarenav0] [    Test worker] .s.d.r.c.RepositoryConfigurationDelegate : Bootstrapping Spring Data Reactive MongoDB repositories in DEFAULT mode.
2025-02-25T22:04:26.994+01:00  INFO 15532 --- [ttarenav0] [    Test worker] .s.d.r.c.RepositoryConfigurationDelegate : Finished Spring Data repository scanning in 14 ms. Found 0 Reactive MongoDB repository interfaces.
2025-02-25T22:04:28.392+01:00  INFO 15532 --- [ttarenav0] [    Test worker] org.mongodb.driver.client                : MongoClient with metadata {"driver": {"name": "mongo-java-driver|reactive-streams|spring-boot", "version": "5.2.1"}, "os": {"type": "Windows", "name": "Windows 11", "architecture": "amd64", "version": "10.0"}, "platform": "Java/Oracle Corporation/23.0.2+7-58"} created with settings MongoClientSettings{readPreference=primary, writeConcern=WriteConcern{w=null, wTimeout=null ms, journal=null}, retryWrites=true, retryReads=true, readConcern=ReadConcern{level=null}, credential=null, transportSettings=NettyTransportSettings{eventLoopGroup=io.netty.channel.nio.NioEventLoopGroup@2f0cab82, socketChannelClass=null, allocator=null, sslContext=null}, commandListeners=[], codecRegistry=ProvidersCodecRegistry{codecProviders=[ValueCodecProvider{}, BsonValueCodecProvider{}, DBRefCodecProvider{}, DBObjectCodecProvider{}, DocumentCodecProvider{}, CollectionCodecProvider{}, IterableCodecProvider{}, MapCodecProvider{}, GeoJsonCodecProvider{}, GridFSFileCodecProvider{}, Jsr310CodecProvider{}, JsonObjectCodecProvider{}, BsonCodecProvider{}, EnumCodecProvider{}, com.mongodb.client.model.mql.ExpressionCodecProvider@7fcc3745, com.mongodb.Jep395RecordCodecProvider@6d35ff7b, com.mongodb.KotlinCodecProvider@4ef31221]}, loggerSettings=LoggerSettings{maxDocumentLength=1000}, clusterSettings={hosts=[localhost:27017], srvServiceName=mongodb, mode=SINGLE, requiredClusterType=UNKNOWN, requiredReplicaSetName='null', serverSelector='null', clusterListeners='[]', serverSelectionTimeout='30000 ms', localThreshold='15 ms'}, socketSettings=SocketSettings{connectTimeoutMS=10000, readTimeoutMS=0, receiveBufferSize=0, proxySettings=ProxySettings{host=null, port=null, username=null, password=null}}, heartbeatSocketSettings=SocketSettings{connectTimeoutMS=10000, readTimeoutMS=10000, receiveBufferSize=0, proxySettings=ProxySettings{host=null, port=null, username=null, password=null}}, connectionPoolSettings=ConnectionPoolSettings{maxSize=100, minSize=0, maxWaitTimeMS=120000, maxConnectionLifeTimeMS=0, maxConnectionIdleTimeMS=0, maintenanceInitialDelayMS=0, maintenanceFrequencyMS=60000, connectionPoolListeners=[], maxConnecting=2}, serverSettings=ServerSettings{heartbeatFrequencyMS=10000, minHeartbeatFrequencyMS=500, serverMonitoringMode=AUTO, serverListeners='[]', serverMonitorListeners='[]'}, sslSettings=SslSettings{enabled=false, invalidHostNameAllowed=false, context=null}, applicationName='null', compressorList=[], uuidRepresentation=JAVA_LEGACY, serverApi=null, autoEncryptionSettings=null, dnsClient=null, inetAddressResolver=null, contextProvider=null, timeoutMS=null}
2025-02-25T22:04:28.564+01:00  INFO 15532 --- [ttarenav0] [localhost:27017] org.mongodb.driver.cluster               : Monitor thread successfully connected to server with description ServerDescription{address=localhost:27017, type=STANDALONE, cryptd=false, state=CONNECTED, ok=true, minWireVersion=0, maxWireVersion=25, maxDocumentSize=16777216, logicalSessionTimeoutMinutes=30, roundTripTimeNanos=90480200, minRoundTripTimeNanos=0}
2025-02-25T22:04:28.704+01:00  WARN 15532 --- [ttarenav0] [    Test worker] .s.s.UserDetailsServiceAutoConfiguration : 

Using generated security password: c880ab25-8de3-4bc6-8597-e883eb715de3

This generated password is for development use only. Your security configuration must be updated before running your application in production.

2025-02-25T22:04:28.730+01:00  INFO 15532 --- [ttarenav0] [    Test worker] r$InitializeUserDetailsManagerConfigurer : Global AuthenticationManager configured with UserDetailsService bean with name inMemoryUserDetailsManager
2025-02-25T22:04:28.887+01:00  INFO 15532 --- [ttarenav0] [    Test worker] o.ttarena.v0.Ttarenav0ApplicationTests   : Started Ttarenav0ApplicationTests in 2.698 seconds (process running for 3.683)
]]></system-out>
  <system-err><![CDATA[Mockito is currently self-attaching to enable the inline-mock-maker. This will no longer work in future releases of the JDK. Please add Mockito as an agent to your build what is described in Mockito's documentation: https://javadoc.io/doc/org.mockito/mockito-core/latest/org/mockito/Mockito.html#0.3
WARNING: A Java agent has been loaded dynamically (C:\Users\r610c\.gradle\caches\modules-2\files-2.1\net.bytebuddy\byte-buddy-agent\1.15.11\a38b16385e867f59a641330f0362ebe742788ed8\byte-buddy-agent-1.15.11.jar)
WARNING: If a serviceability tool is in use, please run with -XX:+EnableDynamicAgentLoading to hide this warning
WARNING: If a serviceability tool is not in use, please run with -Djdk.instrument.traceUsage for more information
WARNING: Dynamic loading of agents will be disallowed by default in a future release
]]></system-err>
</testsuite>
